c:\users\kuzmi\source\repos\opengl\opengl\debug\vc141.pdb
c:\users\kuzmi\source\repos\opengl\opengl\debug\vc141.idb
c:\users\kuzmi\source\repos\opengl\opengl\debug\zad2.obj
c:\users\kuzmi\source\repos\opengl\opengl\debug\opengl.obj
c:\users\kuzmi\source\repos\opengl\opengl\debug\zad1.obj
c:\users\kuzmi\source\repos\opengl\opengl\debug\vj4 - objekti.obj
c:\users\kuzmi\source\repos\opengl\opengl\debug\vj3 - poligon.obj
c:\users\kuzmi\source\repos\opengl\opengl\debug\source.obj
c:\users\kuzmi\source\repos\opengl\opengl\debug\poligon.obj
c:\users\kuzmi\source\repos\opengl\opengl\debug\glm.obj
c:\users\kuzmi\source\repos\opengl\opengl\debug\vj5 - projekcije.obj
c:\users\kuzmi\source\repos\opengl\debug\opengl.exe
c:\users\kuzmi\source\repos\opengl\debug\opengl.ilk
c:\users\kuzmi\source\repos\opengl\debug\opengl.pdb
c:\users\kuzmi\source\repos\opengl\opengl\debug\opengl.tlog\cl.command.1.tlog
c:\users\kuzmi\source\repos\opengl\opengl\debug\opengl.tlog\cl.read.1.tlog
c:\users\kuzmi\source\repos\opengl\opengl\debug\opengl.tlog\cl.write.1.tlog
c:\users\kuzmi\source\repos\opengl\opengl\debug\opengl.tlog\link.command.1.tlog
c:\users\kuzmi\source\repos\opengl\opengl\debug\opengl.tlog\link.read.1.tlog
c:\users\kuzmi\source\repos\opengl\opengl\debug\opengl.tlog\link.write.1.tlog
